Fill this out if you experience any problems with any of the drivers.

Video adaptor type:_______________________________________________________
Memory on video card: ( )256k  ( )512k  ( )768k  ( )1Meg  ( )2Meg  ( )4Meg

Video modes with problems (from VGADEMO.EXE or others):
		0	1	2	3	4	5	6	7
Svga16 :
Svga256:
Svga32k:
Svga64k:
SvgaS3 :
SvgaTC :

  Tweaked modes depend on monitor/card combinations, so some modes may be
out of sync with some configurations.
		0	1	2	3	4	5	6	7
Twk16:
Twk256:

Description of problems:
____________________________________________________________________________
____________________________________________________________________________
____________________________________________________________________________
____________________________________________________________________________
____________________________________________________________________________
____________________________________________________________________________
____________________________________________________________________________
____________________________________________________________________________
____________________________________________________________________________
____________________________________________________________________________
